{
  "0 debug pnpm:scope": {
    "selected": 1
  },
  "1 debug pnpm:package-manifest": {
    "initial": {},
    "prefix": "/data/data/com.termux/files/home/aliucordpagenode"
  },
  "2 debug pnpm:context": {
    "currentLockfileExists": false,
    "storeDir": "/data/data/com.termux/files/home/.local/share/pnpm/store/v3",
    "virtualStoreDir": "/data/data/com.termux/files/home/aliucordpagenode/node_modules/.pnpm"
  },
  "3 debug pnpm:stage": {
    "prefix": "/data/data/com.termux/files/home/aliucordpagenode",
    "stage": "resolution_started"
  },
  "4 error pnpm": {
    "code": "ERR_PNPM_FETCH_404",
    "hint": "@material/web is not in the npm registry, or you have no permission to fetch it.\n\nNo authorization header was set for the request.",
    "request": {
      "url": "https://registry.npmjs.org/@material%2Fweb"
    },
    "response": {
      "size": 0
    },
    "pkgName": "@material/web",
    "spec": {
      "fetchSpec": "latest",
      "name": "@material/web",
      "type": "tag"
    },
    "pkgsStack": [],
    "err": {
      "name": "pnpm",
      "message": "GET https://registry.npmjs.org/@material%2Fweb: Not Found - 404",
      "code": "ERR_PNPM_FETCH_404",
      "stack": "pnpm: GET https://registry.npmjs.org/@material%2Fweb: Not Found - 404\n    at RetryOperation._fn (/data/data/com.termux/files/usr/lib/node_modules/pnpm/dist/pnpm.cjs:84430:19)\n    at process.processTicksAndRejections (node:internal/process/task_queues:95:5)"
    }
  }
}